<?xml version="1.0" encoding="UTF-8"?>

<!DOCTYPE client-cache PUBLIC
  "-//GemStone Systems, Inc.//GemFire Declarative Caching 6.6//EN"
  "http://www.gemstone.com/dtd/cache6_6.dtd">
  
<client-cache>

  <!-- By default, the default pool connects to a cache server running on 
       localhost at port 40404. Uncomment the following pool element to modify the
       default pool server host and port -->
<!--  
  <pool name="test">
    <server host="10.128.245.8" port="44444"/>
    <server host="10.128.245.9" port="44444"/>
  </pool>
-->

  <!-- Uncomment the following pool element to modify the default pool to 
       use a locator host and port instead of a server host and port -->
<!-- 
  <pool name="test" read-timeout="45000">
    <locator host="10.128.240.4" port="44444"/>
    <locator host="10.128.240.5" port="44444"/>
    <locator host="10.128.240.6" port="44444"/>
    <locator host="10.128.240.7" port="44444"/>
    <locator host="10.128.240.54" port="44444"/>
    <locator host="10.128.240.55" port="44444"/>
    <locator host="10.128.240.63" port="44444"/>
    <locator host="10.128.240.64" port="44444"/>
  </pool>
-->

</client-cache>
